Started GET "/" for ::1 at 2020-08-26 18:23:26 +0700
  [1m[35m (16.9ms)[0m  [1m[34mSELECT sqlite_version(*)[0m
Processing by Rails::WelcomeController#index as HTML
  Rendering /home/kendall/.rvm/gems/ruby-2.7.0/gems/railties-6.0.3.2/lib/rails/templates/rails/welcome/index.html.erb
  Rendered /home/kendall/.rvm/gems/ruby-2.7.0/gems/railties-6.0.3.2/lib/rails/templates/rails/welcome/index.html.erb (Duration: 30.8ms | Allocations: 405)
Completed 200 OK in 57ms (Views: 47.9ms | ActiveRecord: 0.0ms | Allocations: 2246)


Started GET "/" for ::1 at 2020-08-26 18:28:39 +0700
Processing by Rails::WelcomeController#index as HTML
  Rendering /home/kendall/.rvm/gems/ruby-2.7.0/gems/railties-6.0.3.2/lib/rails/templates/rails/welcome/index.html.erb
  Rendered /home/kendall/.rvm/gems/ruby-2.7.0/gems/railties-6.0.3.2/lib/rails/templates/rails/welcome/index.html.erb (Duration: 9.8ms | Allocations: 179)
Completed 200 OK in 12ms (Views: 10.9ms | ActiveRecord: 0.0ms | Allocations: 739)


Started GET "/static_pages/contact" for ::1 at 2020-08-26 18:28:50 +0700
Processing by StaticPagesController#contact as HTML
  Rendering static_pages/contact.html.erb within layouts/application
  Rendered static_pages/contact.html.erb within layouts/application (Duration: 0.6ms | Allocations: 82)
Completed 500 Internal Server Error in 256ms (ActiveRecord: 0.0ms | Allocations: 8091)


  
ActionView::Template::Error (undefined method `deep_symbolize_keys' for "I18n.t 'Sample App's":String):
    1: <!DOCTYPE html>
    2: <html>
    3:   <head>
    4:     <title><%= t(".Sample App") %></title>
    5:     <%= csrf_meta_tags %>
    6:     <%= csp_meta_tag %>
    7: 
  
app/views/layouts/application.html.erb:4
Started GET "/static_pages/contact" for ::1 at 2020-08-26 18:30:22 +0700
Processing by StaticPagesController#contact as HTML
  Rendering static_pages/contact.html.erb within layouts/application
  Rendered static_pages/contact.html.erb within layouts/application (Duration: 0.7ms | Allocations: 80)
[Webpacker] Compiling...
[Webpacker] Compiled all packs in /home/kendall/Desktop/sample_app/public/packs
[Webpacker] Hash: 15d1bb7b54cf6326b9ba
Version: webpack 4.44.1
Time: 3079ms
Built at: 08/26/2020 6:30:27 PM
                                     Asset       Size       Chunks                         Chunk Names
    js/application-9afcbb5693aa87623e69.js    124 KiB  application  [emitted] [immutable]  application
js/application-9afcbb5693aa87623e69.js.map    139 KiB  application  [emitted] [dev]        application
                             manifest.json  364 bytes               [emitted]              
Entrypoint application = js/application-9afcbb5693aa87623e69.js js/application-9afcbb5693aa87623e69.js.map
[./app/javascript/channels sync recursive _channel\.js$] ./app/javascript/channels sync _channel\.js$ 160 bytes {application} [built]
[./app/javascript/channels/index.js] 211 bytes {application} [built]
[./app/javascript/packs/application.js] 749 bytes {application} [built]
[./node_modules/webpack/buildin/module.js] (webpack)/buildin/module.js 552 bytes {application} [built]
    + 3 hidden modules

Completed 200 OK in 5755ms (Views: 5753.5ms | ActiveRecord: 0.0ms | Allocations: 17427)


Started GET "/static_pages/contact" for ::1 at 2020-08-26 18:31:21 +0700
Processing by StaticPagesController#contact as HTML
  Rendering static_pages/contact.html.erb within layouts/application
  Rendered static_pages/contact.html.erb within layouts/application (Duration: 0.4ms | Allocations: 80)
[Webpacker] Everything's up-to-date. Nothing to do
Completed 200 OK in 13ms (Views: 10.4ms | ActiveRecord: 0.0ms | Allocations: 4998)


Started GET "/static_pages/contact" for ::1 at 2020-08-26 18:31:30 +0700
Processing by StaticPagesController#contact as HTML
  Rendering static_pages/contact.html.erb within layouts/application
  Rendered static_pages/contact.html.erb within layouts/application (Duration: 0.4ms | Allocations: 80)
[Webpacker] Everything's up-to-date. Nothing to do
Completed 200 OK in 12ms (Views: 9.9ms | ActiveRecord: 0.0ms | Allocations: 4993)


Started GET "/static_pages/contact" for ::1 at 2020-08-26 18:35:19 +0700
Processing by StaticPagesController#contact as HTML
  Rendering static_pages/contact.html.erb within layouts/application
  Rendered static_pages/contact.html.erb within layouts/application (Duration: 0.4ms | Allocations: 89)
[Webpacker] Everything's up-to-date. Nothing to do
Completed 200 OK in 16ms (Views: 14.4ms | ActiveRecord: 0.0ms | Allocations: 5002)


Started GET "/static_pages/contact" for ::1 at 2020-08-26 18:35:23 +0700
Processing by StaticPagesController#contact as HTML
  Rendering static_pages/contact.html.erb within layouts/application
  Rendered static_pages/contact.html.erb within layouts/application (Duration: 0.1ms | Allocations: 4)
[Webpacker] Everything's up-to-date. Nothing to do
Completed 200 OK in 9ms (Views: 6.8ms | ActiveRecord: 0.0ms | Allocations: 4020)


Started GET "/static_pages/contact" for ::1 at 2020-08-26 18:35:26 +0700
Processing by StaticPagesController#contact as HTML
  Rendering static_pages/contact.html.erb within layouts/application
  Rendered static_pages/contact.html.erb within layouts/application (Duration: 0.1ms | Allocations: 4)
[Webpacker] Everything's up-to-date. Nothing to do
Completed 200 OK in 14ms (Views: 12.2ms | ActiveRecord: 0.0ms | Allocations: 4013)


Started GET "/static_pages/contact" for ::1 at 2020-08-26 18:35:34 +0700
Processing by StaticPagesController#contact as HTML
  Rendering static_pages/contact.html.erb within layouts/application
  Rendered static_pages/contact.html.erb within layouts/application (Duration: 0.1ms | Allocations: 4)
[Webpacker] Everything's up-to-date. Nothing to do
Completed 200 OK in 16ms (Views: 14.8ms | ActiveRecord: 0.0ms | Allocations: 4013)


Started GET "/static_pages/contact" for ::1 at 2020-08-26 18:41:02 +0700
Processing by StaticPagesController#contact as HTML
  Rendering static_pages/contact.html.erb within layouts/application
  Rendered static_pages/contact.html.erb within layouts/application (Duration: 1.4ms | Allocations: 118)
[Webpacker] Everything's up-to-date. Nothing to do
Completed 200 OK in 14ms (Views: 12.1ms | ActiveRecord: 0.0ms | Allocations: 5051)


Started GET "/static_pages/contact" for ::1 at 2020-08-26 18:41:05 +0700
Processing by StaticPagesController#contact as HTML
  Rendering static_pages/contact.html.erb within layouts/application
  Rendered static_pages/contact.html.erb within layouts/application (Duration: 0.1ms | Allocations: 7)
[Webpacker] Everything's up-to-date. Nothing to do
Completed 200 OK in 11ms (Views: 9.7ms | ActiveRecord: 0.0ms | Allocations: 4020)


Started GET "/static_pages/contact" for ::1 at 2020-08-26 18:46:12 +0700
  [1m[35m (0.1ms)[0m  [1m[34mSELECT sqlite_version(*)[0m
Processing by StaticPagesController#contact as HTML
  Rendering static_pages/contact.html.erb within layouts/application
  Rendered static_pages/contact.html.erb within layouts/application (Duration: 0.8ms | Allocations: 113)
[Webpacker] Everything's up-to-date. Nothing to do
Completed 200 OK in 12ms (Views: 10.1ms | ActiveRecord: 0.0ms | Allocations: 5039)


Started GET "/static_pages/contact" for ::1 at 2020-08-26 18:56:46 +0700
  [1m[35m (0.1ms)[0m  [1m[34mSELECT sqlite_version(*)[0m
Processing by StaticPagesController#contact as HTML
  Rendering static_pages/contact.html.erb within layouts/application
  Rendered static_pages/contact.html.erb within layouts/application (Duration: 0.6ms | Allocations: 119)
[Webpacker] Everything's up-to-date. Nothing to do
Completed 200 OK in 12ms (Views: 9.9ms | ActiveRecord: 0.0ms | Allocations: 5156)


Started GET "/static_pages/contact" for ::1 at 2020-08-26 18:59:18 +0700
Processing by StaticPagesController#contact as HTML
  Rendering static_pages/contact.html.erb within layouts/application
  Rendered static_pages/contact.html.erb within layouts/application (Duration: 0.8ms | Allocations: 165)
[Webpacker] Everything's up-to-date. Nothing to do
Completed 200 OK in 62ms (Views: 60.6ms | ActiveRecord: 0.0ms | Allocations: 5180)


Started GET "/static_pages/contact" for ::1 at 2020-08-26 19:02:29 +0700
Processing by StaticPagesController#contact as HTML
  Rendering static_pages/contact.html.erb within layouts/application
  Rendered static_pages/contact.html.erb within layouts/application (Duration: 0.1ms | Allocations: 29)
Completed 500 Internal Server Error in 55ms (ActiveRecord: 0.0ms | Allocations: 5924)


  
ActionView::Template::Error (Error: File to import not found or unreadable: bootstrap-sprockets.
        on line 5:1 of app/assets/stylesheets/static_pages.scss
>> @import "bootstrap-sprockets";

   ^
):
     5:     <%= csrf_meta_tags %>
     6:     <%= csp_meta_tag %>
     7: 
     8:     <%= stylesheet_link_tag "application", media: "all", "data-turbolinks-track": "reload" %>
     9:     <%= javascript_pack_tag "application", "data-turbolinks-track": "reload" %>
    10:   </head>
    11: 
  
app/assets/stylesheets/static_pages.scss:5
app/views/layouts/application.html.erb:8
Started GET "/static_pages/contact" for ::1 at 2020-08-26 19:05:01 +0700
Processing by StaticPagesController#contact as HTML
  Rendering static_pages/contact.html.erb within layouts/application
  Rendered static_pages/contact.html.erb within layouts/application (Duration: 0.3ms | Allocations: 29)
Completed 500 Internal Server Error in 53ms (ActiveRecord: 0.0ms | Allocations: 5975)


  
ActionView::Template::Error (Error: File to import not found or unreadable: bootstrap-sprockets.
        on line 5:1 of app/assets/stylesheets/static_pages.scss
>> @import 'bootstrap-sprockets';

   ^
):
     5:     <%= csrf_meta_tags %>
     6:     <%= csp_meta_tag %>
     7: 
     8:     <%= stylesheet_link_tag "application", media: "all", "data-turbolinks-track": "reload" %>
     9:     <%= javascript_pack_tag "application", "data-turbolinks-track": "reload" %>
    10:   </head>
    11: 
  
app/assets/stylesheets/static_pages.scss:5
app/views/layouts/application.html.erb:8
Started GET "/static_pages/contact" for ::1 at 2020-08-26 19:11:16 +0700
  [1m[35m (0.1ms)[0m  [1m[34mSELECT sqlite_version(*)[0m
Processing by StaticPagesController#contact as HTML
  Rendering static_pages/contact.html.erb within layouts/application
  Rendered static_pages/contact.html.erb within layouts/application (Duration: 0.2ms | Allocations: 29)
[Webpacker] Everything's up-to-date. Nothing to do
Completed 200 OK in 61ms (Views: 59.6ms | ActiveRecord: 0.0ms | Allocations: 9452)


  
ActionController::RoutingError (No route matches [GET] "/assets/bootstrap"):
  
actionpack (6.0.3.2) lib/action_dispatch/middleware/debug_exceptions.rb:36:in `call'
web-console (4.0.4) lib/web_console/middleware.rb:132:in `call_app'
web-console (4.0.4) lib/web_console/middleware.rb:28:in `block in call'
web-console (4.0.4) lib/web_console/middleware.rb:17:in `catch'
web-console (4.0.4) lib/web_console/middleware.rb:17:in `call'
actionpack (6.0.3.2) lib/action_dispatch/middleware/show_exceptions.rb:33:in `call'
railties (6.0.3.2) lib/rails/rack/logger.rb:37:in `call_app'
railties (6.0.3.2) lib/rails/rack/logger.rb:26:in `block in call'
activesupport (6.0.3.2) lib/active_support/tagged_logging.rb:80:in `block in tagged'
activesupport (6.0.3.2) lib/active_support/tagged_logging.rb:28:in `tagged'
activesupport (6.0.3.2) lib/active_support/tagged_logging.rb:80:in `tagged'
railties (6.0.3.2) lib/rails/rack/logger.rb:26:in `call'
sprockets-rails (3.2.1) lib/sprockets/rails/quiet_assets.rb:11:in `block in call'
activesupport (6.0.3.2) lib/active_support/logger_silence.rb:36:in `silence'
activesupport (6.0.3.2) lib/active_support/logger.rb:64:in `block (3 levels) in broadcast'
activesupport (6.0.3.2) lib/active_support/logger_silence.rb:36:in `silence'
activesupport (6.0.3.2) lib/active_support/logger.rb:62:in `block (2 levels) in broadcast'
sprockets-rails (3.2.1) lib/sprockets/rails/quiet_assets.rb:11:in `call'
actionpack (6.0.3.2) lib/action_dispatch/middleware/remote_ip.rb:81:in `call'
actionpack (6.0.3.2) lib/action_dispatch/middleware/request_id.rb:27:in `call'
rack (2.2.3) lib/rack/method_override.rb:24:in `call'
rack (2.2.3) lib/rack/runtime.rb:22:in `call'
activesupport (6.0.3.2) lib/active_support/cache/strategy/local_cache_middleware.rb:29:in `call'
actionpack (6.0.3.2) lib/action_dispatch/middleware/executor.rb:14:in `call'
actionpack (6.0.3.2) lib/action_dispatch/middleware/static.rb:126:in `call'
rack (2.2.3) lib/rack/sendfile.rb:110:in `call'
actionpack (6.0.3.2) lib/action_dispatch/middleware/host_authorization.rb:82:in `call'
webpacker (4.3.0) lib/webpacker/dev_server_proxy.rb:23:in `perform_request'
rack-proxy (0.6.5) lib/rack/proxy.rb:57:in `call'
railties (6.0.3.2) lib/rails/engine.rb:527:in `call'
puma (4.3.5) lib/puma/configuration.rb:228:in `call'
puma (4.3.5) lib/puma/server.rb:713:in `handle_request'
puma (4.3.5) lib/puma/server.rb:472:in `process_client'
puma (4.3.5) lib/puma/server.rb:328:in `block in run'
puma (4.3.5) lib/puma/thread_pool.rb:134:in `block in spawn_thread'
  
ActionController::RoutingError (No route matches [GET] "/assets/bootstrap-sprockets"):
  
actionpack (6.0.3.2) lib/action_dispatch/middleware/debug_exceptions.rb:36:in `call'
web-console (4.0.4) lib/web_console/middleware.rb:132:in `call_app'
web-console (4.0.4) lib/web_console/middleware.rb:28:in `block in call'
web-console (4.0.4) lib/web_console/middleware.rb:17:in `catch'
web-console (4.0.4) lib/web_console/middleware.rb:17:in `call'
actionpack (6.0.3.2) lib/action_dispatch/middleware/show_exceptions.rb:33:in `call'
railties (6.0.3.2) lib/rails/rack/logger.rb:37:in `call_app'
railties (6.0.3.2) lib/rails/rack/logger.rb:26:in `block in call'
activesupport (6.0.3.2) lib/active_support/tagged_logging.rb:80:in `block in tagged'
activesupport (6.0.3.2) lib/active_support/tagged_logging.rb:28:in `tagged'
activesupport (6.0.3.2) lib/active_support/tagged_logging.rb:80:in `tagged'
railties (6.0.3.2) lib/rails/rack/logger.rb:26:in `call'
sprockets-rails (3.2.1) lib/sprockets/rails/quiet_assets.rb:11:in `block in call'
activesupport (6.0.3.2) lib/active_support/logger_silence.rb:36:in `silence'
activesupport (6.0.3.2) lib/active_support/logger.rb:64:in `block (3 levels) in broadcast'
activesupport (6.0.3.2) lib/active_support/logger_silence.rb:36:in `silence'
activesupport (6.0.3.2) lib/active_support/logger.rb:62:in `block (2 levels) in broadcast'
sprockets-rails (3.2.1) lib/sprockets/rails/quiet_assets.rb:11:in `call'
actionpack (6.0.3.2) lib/action_dispatch/middleware/remote_ip.rb:81:in `call'
actionpack (6.0.3.2) lib/action_dispatch/middleware/request_id.rb:27:in `call'
rack (2.2.3) lib/rack/method_override.rb:24:in `call'
rack (2.2.3) lib/rack/runtime.rb:22:in `call'
activesupport (6.0.3.2) lib/active_support/cache/strategy/local_cache_middleware.rb:29:in `call'
actionpack (6.0.3.2) lib/action_dispatch/middleware/executor.rb:14:in `call'
actionpack (6.0.3.2) lib/action_dispatch/middleware/static.rb:126:in `call'
rack (2.2.3) lib/rack/sendfile.rb:110:in `call'
actionpack (6.0.3.2) lib/action_dispatch/middleware/host_authorization.rb:82:in `call'
webpacker (4.3.0) lib/webpacker/dev_server_proxy.rb:23:in `perform_request'
rack-proxy (0.6.5) lib/rack/proxy.rb:57:in `call'
railties (6.0.3.2) lib/rails/engine.rb:527:in `call'
puma (4.3.5) lib/puma/configuration.rb:228:in `call'
puma (4.3.5) lib/puma/server.rb:713:in `handle_request'
puma (4.3.5) lib/puma/server.rb:472:in `process_client'
puma (4.3.5) lib/puma/server.rb:328:in `block in run'
puma (4.3.5) lib/puma/thread_pool.rb:134:in `block in spawn_thread'
Started GET "/static_pages/contact" for ::1 at 2020-08-26 19:11:46 +0700
Processing by StaticPagesController#contact as HTML
  Rendering static_pages/contact.html.erb within layouts/application
  Rendered static_pages/contact.html.erb within layouts/application (Duration: 0.2ms | Allocations: 29)
Completed 500 Internal Server Error in 48ms (ActiveRecord: 0.0ms | Allocations: 5275)


  
ActionView::Template::Error (Error: File to import not found or unreadable: bootstrap-sprockets.
        on line 5:1 of app/assets/stylesheets/static_pages.scss
>> @import "bootstrap-sprockets";

   ^
):
     5:     <%= csrf_meta_tags %>
     6:     <%= csp_meta_tag %>
     7: 
     8:     <%= stylesheet_link_tag "application", media: "all", "data-turbolinks-track": "reload" %>
     9:     <%= javascript_pack_tag "application", "data-turbolinks-track": "reload" %>
    10:   </head>
    11: 
  
app/assets/stylesheets/static_pages.scss:5
app/views/layouts/application.html.erb:8
Started GET "/static_pages/contact" for ::1 at 2020-08-26 19:18:12 +0700
  [1m[35m (0.5ms)[0m  [1m[34mSELECT sqlite_version(*)[0m
Processing by StaticPagesController#contact as HTML
  Rendering static_pages/contact.html.erb within layouts/application
  Rendered static_pages/contact.html.erb within layouts/application (Duration: 3.1ms | Allocations: 285)
[Webpacker] Everything's up-to-date. Nothing to do
Completed 200 OK in 528ms (Views: 516.2ms | ActiveRecord: 0.0ms | Allocations: 69688)


Started GET "/static_pages/contact" for ::1 at 2020-08-26 19:30:07 +0700
  [1m[35m (0.1ms)[0m  [1m[34mSELECT sqlite_version(*)[0m
Processing by StaticPagesController#contact as HTML
  Rendering static_pages/contact.html.erb within layouts/application
  Rendered static_pages/contact.html.erb within layouts/application (Duration: 0.2ms | Allocations: 30)
[Webpacker] Everything's up-to-date. Nothing to do
Completed 200 OK in 442ms (Views: 439.8ms | ActiveRecord: 0.0ms | Allocations: 50775)


Started GET "/static_pages/contact" for ::1 at 2020-08-26 19:30:51 +0700
Processing by StaticPagesController#contact as HTML
  Rendering static_pages/contact.html.erb within layouts/application
  Rendered static_pages/contact.html.erb within layouts/application (Duration: 0.1ms | Allocations: 30)
[Webpacker] Everything's up-to-date. Nothing to do
Completed 200 OK in 285ms (Views: 284.4ms | ActiveRecord: 0.0ms | Allocations: 53897)


Started GET "/static_pages/contact" for ::1 at 2020-08-26 19:32:28 +0700
Processing by StaticPagesController#contact as HTML
  Rendering static_pages/contact.html.erb within layouts/application
  Rendered static_pages/contact.html.erb within layouts/application (Duration: 0.2ms | Allocations: 29)
[Webpacker] Everything's up-to-date. Nothing to do
Completed 200 OK in 35ms (Views: 33.5ms | ActiveRecord: 0.0ms | Allocations: 7786)


Started GET "/static_pages/contact" for ::1 at 2020-08-26 19:38:54 +0700
  [1m[35m (0.1ms)[0m  [1m[34mSELECT sqlite_version(*)[0m
Processing by StaticPagesController#contact as HTML
  Rendering static_pages/contact.html.erb within layouts/application
  Rendered static_pages/contact.html.erb within layouts/application (Duration: 0.2ms | Allocations: 30)
[Webpacker] Everything's up-to-date. Nothing to do
Completed 200 OK in 31ms (Views: 29.4ms | ActiveRecord: 0.0ms | Allocations: 7920)


Started GET "/static_pages/contact" for ::1 at 2020-08-26 22:07:47 +0700
  [1m[35m (0.1ms)[0m  [1m[34mSELECT sqlite_version(*)[0m
Processing by StaticPagesController#contact as HTML
  Rendering static_pages/contact.html.erb within layouts/application
  Rendered static_pages/contact.html.erb within layouts/application (Duration: 0.2ms | Allocations: 29)
[Webpacker] Everything's up-to-date. Nothing to do
Completed 200 OK in 17ms (Views: 15.6ms | ActiveRecord: 0.0ms | Allocations: 7702)


Started GET "/static_pages/contact" for ::1 at 2020-08-27 19:35:27 +0700
  [1m[35m (0.9ms)[0m  [1m[34mSELECT sqlite_version(*)[0m
Processing by StaticPagesController#contact as HTML
  Rendering static_pages/contact.html.erb within layouts/application
  Rendered static_pages/contact.html.erb within layouts/application (Duration: 1.5ms | Allocations: 285)
[Webpacker] Everything's up-to-date. Nothing to do
Completed 200 OK in 336ms (Views: 332.0ms | ActiveRecord: 0.0ms | Allocations: 37507)


Started GET "/static_pages/contact" for ::1 at 2020-08-28 15:35:47 +0700
  [1m[35m (11.6ms)[0m  [1m[34mSELECT sqlite_version(*)[0m
Processing by StaticPagesController#contact as HTML
  Rendering static_pages/contact.html.erb within layouts/application
  Rendered static_pages/contact.html.erb within layouts/application (Duration: 1.2ms | Allocations: 279)
[Webpacker] Everything's up-to-date. Nothing to do
Completed 200 OK in 836ms (Views: 826.7ms | ActiveRecord: 0.0ms | Allocations: 70726)


Started GET "/static_pages/contact" for ::1 at 2020-08-28 15:37:43 +0700
Processing by StaticPagesController#contact as HTML
  Rendering static_pages/contact.html.erb within layouts/application
  Rendered static_pages/contact.html.erb within layouts/application (Duration: 0.1ms | Allocations: 30)
[Webpacker] Everything's up-to-date. Nothing to do
Completed 200 OK in 262ms (Views: 260.9ms | ActiveRecord: 0.0ms | Allocations: 53130)


Started GET "/static_pages/contact" for ::1 at 2020-08-28 15:39:03 +0700
Processing by StaticPagesController#contact as HTML
  Rendering static_pages/contact.html.erb within layouts/application
  Rendered static_pages/contact.html.erb within layouts/application (Duration: 0.1ms | Allocations: 30)
[Webpacker] Everything's up-to-date. Nothing to do
Completed 200 OK in 283ms (Views: 281.2ms | ActiveRecord: 0.0ms | Allocations: 55657)


Started GET "/static_pages/contact" for ::1 at 2020-08-28 15:39:35 +0700
  [1m[35m (0.1ms)[0m  [1m[34mSELECT sqlite_version(*)[0m
Processing by StaticPagesController#contact as HTML
  Rendering static_pages/contact.html.erb within layouts/application
  Rendered static_pages/contact.html.erb within layouts/application (Duration: 0.1ms | Allocations: 31)
[Webpacker] Everything's up-to-date. Nothing to do
Completed 200 OK in 22ms (Views: 20.8ms | ActiveRecord: 0.0ms | Allocations: 7948)


Started GET "/static_pages/contact" for ::1 at 2020-08-28 15:39:38 +0700
Processing by StaticPagesController#contact as HTML
  Rendering static_pages/contact.html.erb within layouts/application
  Rendered static_pages/contact.html.erb within layouts/application (Duration: 0.1ms | Allocations: 29)
[Webpacker] Everything's up-to-date. Nothing to do
Completed 200 OK in 17ms (Views: 15.8ms | ActiveRecord: 0.0ms | Allocations: 7697)


Started GET "/static_pages/contact" for ::1 at 2020-08-28 16:12:51 +0700
  
ArgumentError (Missing :controller key on routes definition, please check your routes.):
  
config/routes.rb:3:in `block (2 levels) in <main>'
config/routes.rb:2:in `block in <main>'
config/routes.rb:1:in `<main>'
Started GET "/static_pages/contact" for ::1 at 2020-08-28 16:14:24 +0700
  [1m[35m (0.1ms)[0m  [1m[34mSELECT sqlite_version(*)[0m
Processing by StaticPagesController#contact as HTML
  Rendering static_pages/contact.html.erb within layouts/application
  Rendered static_pages/contact.html.erb within layouts/application (Duration: 0.2ms | Allocations: 30)
Completed 500 Internal Server Error in 104ms (ActiveRecord: 0.0ms | Allocations: 5214)


  
ActionView::Template::Error (undefined method `deep_symbolize_keys' for #<String:0x00007f19b87e5990>):
    1: <!DOCTYPE html>
    2: <html>
    3:   <head>
    4:     <title><%= full_title yield(:title) %></title>
    5:     <%= csrf_meta_tags %>
    6:     <%= csp_meta_tag %>
    7: 
  
app/helpers/application_helper.rb:3:in `full_title'
app/views/layouts/application.html.erb:4
Started GET "/static_pages/contact" for ::1 at 2020-08-28 16:15:48 +0700
  [1m[35m (0.1ms)[0m  [1m[34mSELECT sqlite_version(*)[0m
  
SyntaxError (/home/kendall/Desktop/sample_app/app/helpers/application_helper.rb:3: syntax error, unexpected string literal
    base_title = t. "Ruby on Rails Tutorial Sample...
                    ^
):
  
app/helpers/application_helper.rb:3: syntax error, unexpected string literal
app/helpers/application_helper.rb:3: syntax error, unexpected string literal
app/helpers/application_helper.rb:3: syntax error, unexpected string literal
app/controllers/application_controller.rb:1:in `<main>'
app/controllers/static_pages_controller.rb:1:in `<main>'
Started GET "/static_pages/contact" for ::1 at 2020-08-28 16:49:20 +0700
Started GET "/" for ::1 at 2020-08-28 16:49:20 +0700
  [1m[35m (0.1ms)[0m  [1m[34mSELECT sqlite_version(*)[0m
  [1m[35m (0.2ms)[0m  [1m[34mSELECT sqlite_version(*)[0m
Started GET "/static_pages/contact" for ::1 at 2020-08-28 16:49:21 +0700
Processing by StaticPagesController#contact as HTML
Started GET "/static_pages/contact" for ::1 at 2020-08-28 16:49:21 +0700
  Rendering static_pages/contact.html.erb within layouts/application
  Rendered static_pages/contact.html.erb within layouts/application (Duration: 1.0ms | Allocations: 172)
[Webpacker] Everything's up-to-date. Nothing to do
Completed 200 OK in 114ms (Views: 111.4ms | ActiveRecord: 0.0ms | Allocations: 11276)


Processing by Rails::WelcomeController#index as HTML
  Rendering /home/kendall/.rvm/gems/ruby-2.7.0/gems/railties-6.0.3.2/lib/rails/templates/rails/welcome/index.html.erb
  Rendered /home/kendall/.rvm/gems/ruby-2.7.0/gems/railties-6.0.3.2/lib/rails/templates/rails/welcome/index.html.erb (Duration: 47.3ms | Allocations: 182)
Completed 200 OK in 88ms (Views: 48.7ms | ActiveRecord: 0.0ms | Allocations: 1646)


Started GET "/" for ::1 at 2020-08-28 16:52:50 +0700
  [1m[35m (0.1ms)[0m  [1m[34mSELECT sqlite_version(*)[0m
  [1m[35m (0.1ms)[0m  [1m[34mSELECT sqlite_version(*)[0m
  [1m[35m (0.1ms)[0m  [1m[34mSELECT sqlite_version(*)[0m
Processing by Rails::WelcomeController#index as HTML
Started GET "/static_pages/contact" for ::1 at 2020-08-28 16:52:50 +0700
  Rendering /home/kendall/.rvm/gems/ruby-2.7.0/gems/railties-6.0.3.2/lib/rails/templates/rails/welcome/index.html.erb
Processing by StaticPagesController#contact as HTML
Processing by StaticPagesController#contact as HTML
Started GET "/static_pages/contact" for ::1 at 2020-08-28 16:52:50 +0700
  Rendered /home/kendall/.rvm/gems/ruby-2.7.0/gems/railties-6.0.3.2/lib/rails/templates/rails/welcome/index.html.erb (Duration: 10.2ms | Allocations: 2403)
Completed 200 OK in 30ms (Views: 14.9ms | ActiveRecord: 0.0ms | Allocations: 11109)


  Rendering static_pages/contact.html.erb within layouts/application
  Rendering static_pages/contact.html.erb within layouts/application
  Rendered static_pages/contact.html.erb within layouts/application (Duration: 1.5ms | Allocations: 173)
  Rendered static_pages/contact.html.erb within layouts/application (Duration: 3.6ms | Allocations: 617)
[Webpacker] Everything's up-to-date. Nothing to do
Completed 200 OK in 64ms (Views: 53.7ms | ActiveRecord: 0.0ms | Allocations: 15729)


[Webpacker] Everything's up-to-date. Nothing to do
Completed 200 OK in 71ms (Views: 60.2ms | ActiveRecord: 0.0ms | Allocations: 17998)


Started GET "/static_pages/contact" for ::1 at 2020-08-28 16:53:03 +0700
Processing by StaticPagesController#contact as HTML
  Rendering static_pages/contact.html.erb within layouts/application
  Rendered static_pages/contact.html.erb within layouts/application (Duration: 0.1ms | Allocations: 29)
[Webpacker] Everything's up-to-date. Nothing to do
Completed 200 OK in 18ms (Views: 16.3ms | ActiveRecord: 0.0ms | Allocations: 7696)


Started GET "/static_pages/contact" for ::1 at 2020-08-28 16:58:59 +0700
  [1m[35m (0.1ms)[0m  [1m[34mSELECT sqlite_version(*)[0m
  [1m[35m (0.1ms)[0m  [1m[34mSELECT sqlite_version(*)[0m
  [1m[35m (0.1ms)[0m  [1m[34mSELECT sqlite_version(*)[0m
Started GET "/" for ::1 at 2020-08-28 16:58:59 +0700
Processing by StaticPagesController#contact as HTML
Processing by StaticPagesController#contact as HTML
Processing by StaticPagesController#contact as HTML
Started GET "/static_pages/contact" for ::1 at 2020-08-28 16:58:59 +0700
  Rendering static_pages/contact.html.erb within layouts/application
  Rendering static_pages/contact.html.erb within layouts/application
  Rendering static_pages/contact.html.erb within layouts/application
  Rendered static_pages/contact.html.erb within layouts/application (Duration: 1.1ms | Allocations: 292)
  Rendered static_pages/contact.html.erb within layouts/application (Duration: 0.1ms | Allocations: 29)
  Rendered static_pages/contact.html.erb within layouts/application (Duration: 1.0ms | Allocations: 267)
[Webpacker] Everything's up-to-date. Nothing to do
[Webpacker] Everything's up-to-date. Nothing to do
Completed 200 OK in 52ms (Views: 48.3ms | ActiveRecord: 0.0ms | Allocations: 23448)


Completed 200 OK in 52ms (Views: 48.3ms | ActiveRecord: 0.0ms | Allocations: 21910)


[Webpacker] Everything's up-to-date. Nothing to do
Completed 200 OK in 57ms (Views: 52.6ms | ActiveRecord: 0.0ms | Allocations: 24256)


Started GET "/static_pages/contact" for ::1 at 2020-08-28 17:00:46 +0700
  [1m[35m (0.1ms)[0m  [1m[34mSELECT sqlite_version(*)[0m
  [1m[35m (0.1ms)[0m  [1m[34mSELECT sqlite_version(*)[0m
Processing by Rails::WelcomeController#index as HTML
  [1m[35m (0.1ms)[0m  [1m[34mSELECT sqlite_version(*)[0m
Completed 500 Internal Server Error in 10ms (ActiveRecord: 0.0ms | Allocations: 7840)


  
SyntaxError (/home/kendall/Desktop/sample_app/app/helpers/application_helper.rb:3: syntax error, unexpected '<'
    base_title =  <%= t ".base_title" %>
                  ^
/home/kendall/Desktop/sample_app/app/helpers/application_helper.rb:6: unterminated string meets end of file
/home/kendall/Desktop/sample_app/app/helpers/application_helper.rb:6: syntax error, unexpected end-of-input, expecting `end'):
  
app/helpers/application_helper.rb:3: syntax error, unexpected '<'
app/helpers/application_helper.rb:6: unterminated string meets end of file
app/helpers/application_helper.rb:6: syntax error, unexpected end-of-input, expecting `end'
app/helpers/application_helper.rb:3: syntax error, unexpected '<'
app/helpers/application_helper.rb:6: unterminated string meets end of file
app/helpers/application_helper.rb:6: syntax error, unexpected end-of-input, expecting `end'
app/helpers/application_helper.rb:3: syntax error, unexpected '<'
app/helpers/application_helper.rb:6: unterminated string meets end of file
app/helpers/application_helper.rb:6: syntax error, unexpected end-of-input, expecting `end'
app/controllers/application_controller.rb:1:in `<main>'
app/controllers/static_pages_controller.rb:1:in `<main>'
  
SyntaxError (/home/kendall/Desktop/sample_app/app/helpers/application_helper.rb:3: syntax error, unexpected '<'
    base_title =  <%= t ".base_title" %>
                  ^
/home/kendall/Desktop/sample_app/app/helpers/application_helper.rb:6: unterminated string meets end of file
/home/kendall/Desktop/sample_app/app/helpers/application_helper.rb:6: syntax error, unexpected end-of-input, expecting `end'):
  
app/helpers/application_helper.rb:3: syntax error, unexpected '<'
app/helpers/application_helper.rb:6: unterminated string meets end of file
app/helpers/application_helper.rb:6: syntax error, unexpected end-of-input, expecting `end'
app/helpers/application_helper.rb:3: syntax error, unexpected '<'
app/helpers/application_helper.rb:6: unterminated string meets end of file
app/helpers/application_helper.rb:6: syntax error, unexpected end-of-input, expecting `end'
app/helpers/application_helper.rb:3: syntax error, unexpected '<'
app/helpers/application_helper.rb:6: unterminated string meets end of file
app/helpers/application_helper.rb:6: syntax error, unexpected end-of-input, expecting `end'
app/controllers/application_controller.rb:1:in `<main>'
app/controllers/static_pages_controller.rb:1:in `<main>'
  
SyntaxError (/home/kendall/Desktop/sample_app/app/helpers/application_helper.rb:3: syntax error, unexpected '<'
    base_title =  <%= t ".base_title" %>
                  ^
/home/kendall/Desktop/sample_app/app/helpers/application_helper.rb:6: unterminated string meets end of file
/home/kendall/Desktop/sample_app/app/helpers/application_helper.rb:6: syntax error, unexpected end-of-input, expecting `end'):
  
app/helpers/application_helper.rb:3: syntax error, unexpected '<'
app/helpers/application_helper.rb:6: unterminated string meets end of file
app/helpers/application_helper.rb:6: syntax error, unexpected end-of-input, expecting `end'
app/helpers/application_helper.rb:3: syntax error, unexpected '<'
app/helpers/application_helper.rb:6: unterminated string meets end of file
app/helpers/application_helper.rb:6: syntax error, unexpected end-of-input, expecting `end'
app/helpers/application_helper.rb:3: syntax error, unexpected '<'
app/helpers/application_helper.rb:6: unterminated string meets end of file
app/helpers/application_helper.rb:6: syntax error, unexpected end-of-input, expecting `end'
app/controllers/application_controller.rb:1:in `<main>'
Started GET "/static_pages/contact" for ::1 at 2020-08-28 17:03:12 +0700
Started GET "/" for ::1 at 2020-08-28 17:03:12 +0700
Started GET "/static_pages/contact" for ::1 at 2020-08-28 17:03:12 +0700
Started GET "/static_pages/contact" for ::1 at 2020-08-28 17:03:12 +0700
  [1m[35m (0.1ms)[0m  [1m[34mSELECT sqlite_version(*)[0m
  [1m[35m (0.1ms)[0m  [1m[34mSELECT sqlite_version(*)[0m
  [1m[35m (0.1ms)[0m  [1m[34mSELECT sqlite_version(*)[0m
Processing by Rails::WelcomeController#index as HTML
  [1m[35m (0.1ms)[0m  [1m[34mSELECT sqlite_version(*)[0m
Processing by StaticPagesController#contact as HTML
Processing by StaticPagesController#contact as HTML
Processing by StaticPagesController#contact as HTML
  Rendering /home/kendall/.rvm/gems/ruby-2.7.0/gems/railties-6.0.3.2/lib/rails/templates/rails/welcome/index.html.erb
  Rendering static_pages/contact.html.erb within layouts/application
  Rendering static_pages/contact.html.erb within layouts/application
  Rendering static_pages/contact.html.erb within layouts/application
  Rendered static_pages/contact.html.erb within layouts/application (Duration: 1.1ms | Allocations: 210)
  Rendered static_pages/contact.html.erb within layouts/application (Duration: 10.9ms | Allocations: 364)
  Rendered /home/kendall/.rvm/gems/ruby-2.7.0/gems/railties-6.0.3.2/lib/rails/templates/rails/welcome/index.html.erb (Duration: 10.9ms | Allocations: 358)
  Rendered static_pages/contact.html.erb within layouts/application (Duration: 0.1ms | Allocations: 29)
Completed 200 OK in 39ms (Views: 24.5ms | ActiveRecord: 0.0ms | Allocations: 13013)


[Webpacker] Everything's up-to-date. Nothing to do
Completed 200 OK in 56ms (Views: 51.0ms | ActiveRecord: 0.0ms | Allocations: 17782)


[Webpacker] Everything's up-to-date. Nothing to do
[Webpacker] Everything's up-to-date. Nothing to do
Completed 200 OK in 76ms (Views: 74.7ms | ActiveRecord: 0.0ms | Allocations: 22559)


Completed 200 OK in 80ms (Views: 77.2ms | ActiveRecord: 0.0ms | Allocations: 24644)


Started GET "/static_pages/contact" for ::1 at 2020-08-28 17:03:49 +0700
Started GET "/static_pages/contact" for ::1 at 2020-08-28 17:03:53 +0700
Started GET "/static_pages/contact" for ::1 at 2020-08-28 17:07:23 +0700
Started GET "/static_pages/contact" for ::1 at 2020-08-28 17:07:39 +0700
  [1m[35m (0.1ms)[0m  [1m[34mSELECT sqlite_version(*)[0m
  [1m[35m (0.1ms)[0m  [1m[34mSELECT sqlite_version(*)[0m
  [1m[35m (0.1ms)[0m  [1m[34mSELECT sqlite_version(*)[0m
  [1m[35m (0.1ms)[0m  [1m[34mSELECT sqlite_version(*)[0m
Processing by StaticPagesController#contact as HTML
Processing by StaticPagesController#contact as HTML
Processing by StaticPagesController#contact as HTML
Processing by StaticPagesController#contact as HTML
  Rendering static_pages/contact.html.erb within layouts/application
  Rendering static_pages/contact.html.erb within layouts/application
  Rendering static_pages/contact.html.erb within layouts/application
  Rendered static_pages/contact.html.erb within layouts/application (Duration: 0.8ms | Allocations: 171)
  Rendering static_pages/contact.html.erb within layouts/application
  Rendered static_pages/contact.html.erb within layouts/application (Duration: 0.1ms | Allocations: 29)
  Rendered static_pages/contact.html.erb within layouts/application (Duration: 0.1ms | Allocations: 29)
  Rendered static_pages/contact.html.erb within layouts/application (Duration: 0.2ms | Allocations: 30)
[Webpacker] Everything's up-to-date. Nothing to do
Completed 200 OK in 70ms (Views: 68.3ms | ActiveRecord: 0.0ms | Allocations: 23158)


[Webpacker] Everything's up-to-date. Nothing to do
Completed 200 OK in 85ms (Views: 78.0ms | ActiveRecord: 0.0ms | Allocations: 27730)


[Webpacker] Everything's up-to-date. Nothing to do
Completed 200 OK in 97ms (Views: 92.2ms | ActiveRecord: 0.0ms | Allocations: 32253)


[Webpacker] Everything's up-to-date. Nothing to do
Completed 200 OK in 91ms (Views: 89.7ms | ActiveRecord: 0.0ms | Allocations: 28959)


Started GET "/static_pages/contact" for ::1 at 2020-08-28 17:10:06 +0700
Started GET "/static_pages/contact" for ::1 at 2020-08-28 17:12:37 +0700
Started GET "/static_pages/contact" for ::1 at 2020-08-28 17:14:27 +0700
Started GET "/" for ::1 at 2020-08-28 17:15:45 +0700
  [1m[35m (0.1ms)[0m  [1m[34mSELECT sqlite_version(*)[0m
  [1m[35m (0.1ms)[0m  [1m[34mSELECT sqlite_version(*)[0m
  [1m[35m (0.1ms)[0m  [1m[34mSELECT sqlite_version(*)[0m
  [1m[35m (0.1ms)[0m  [1m[34mSELECT sqlite_version(*)[0m
Processing by Rails::WelcomeController#index as HTML
Started GET "/" for ::1 at 2020-08-28 17:15:45 +0700
Processing by StaticPagesController#contact as HTML
Processing by StaticPagesController#contact as HTML
Processing by StaticPagesController#contact as HTML
  Rendering /home/kendall/.rvm/gems/ruby-2.7.0/gems/railties-6.0.3.2/lib/rails/templates/rails/welcome/index.html.erb
  Rendering static_pages/contact.html.erb within layouts/application
  Rendered static_pages/contact.html.erb within layouts/application (Duration: 0.7ms | Allocations: 160)
  Rendering static_pages/contact.html.erb within layouts/application
  Rendering static_pages/contact.html.erb within layouts/application
  Rendered /home/kendall/.rvm/gems/ruby-2.7.0/gems/railties-6.0.3.2/lib/rails/templates/rails/welcome/index.html.erb (Duration: 7.2ms | Allocations: 361)
  Rendered static_pages/contact.html.erb within layouts/application (Duration: 0.1ms | Allocations: 29)
Completed 200 OK in 41ms (Views: 28.2ms | ActiveRecord: 0.0ms | Allocations: 16166)


  Rendered static_pages/contact.html.erb within layouts/application (Duration: 0.1ms | Allocations: 30)
[Webpacker] Everything's up-to-date. Nothing to do
Completed 200 OK in 44ms (Views: 42.4ms | ActiveRecord: 0.0ms | Allocations: 14441)


[Webpacker] Everything's up-to-date. Nothing to do
Completed 200 OK in 64ms (Views: 63.2ms | ActiveRecord: 0.0ms | Allocations: 18994)


[Webpacker] Everything's up-to-date. Nothing to do
Completed 200 OK in 74ms (Views: 73.1ms | ActiveRecord: 0.0ms | Allocations: 24424)


Started GET "/static_pages/contact" for ::1 at 2020-08-28 17:15:54 +0700
Processing by StaticPagesController#contact as HTML
  Rendering static_pages/contact.html.erb within layouts/application
  Rendered static_pages/contact.html.erb within layouts/application (Duration: 0.1ms | Allocations: 29)
[Webpacker] Everything's up-to-date. Nothing to do
Completed 200 OK in 15ms (Views: 14.0ms | ActiveRecord: 0.0ms | Allocations: 7703)


Started GET "/static_pages/contact" for ::1 at 2020-08-28 17:17:13 +0700
Started GET "/static_pages/contact" for ::1 at 2020-08-28 17:19:03 +0700
Started GET "/" for ::1 at 2020-08-28 17:23:58 +0700
  [1m[35m (0.1ms)[0m  [1m[34mSELECT sqlite_version(*)[0m
  [1m[35m (0.1ms)[0m  [1m[34mSELECT sqlite_version(*)[0m
  [1m[35m (0.1ms)[0m  [1m[34mSELECT sqlite_version(*)[0m
  [1m[35m (0.1ms)[0m  [1m[34mSELECT sqlite_version(*)[0m
Processing by Rails::WelcomeController#index as HTML
Processing by Rails::WelcomeController#index as HTML
Processing by StaticPagesController#contact as HTML
Processing by StaticPagesController#contact as HTML
Started GET "/static_pages/contact" for ::1 at 2020-08-28 17:23:58 +0700
  Rendering /home/kendall/.rvm/gems/ruby-2.7.0/gems/railties-6.0.3.2/lib/rails/templates/rails/welcome/index.html.erb
  Rendering /home/kendall/.rvm/gems/ruby-2.7.0/gems/railties-6.0.3.2/lib/rails/templates/rails/welcome/index.html.erb
  Rendering static_pages/contact.html.erb within layouts/application
  Rendered /home/kendall/.rvm/gems/ruby-2.7.0/gems/railties-6.0.3.2/lib/rails/templates/rails/welcome/index.html.erb (Duration: 13.1ms | Allocations: 324)
  Rendered /home/kendall/.rvm/gems/ruby-2.7.0/gems/railties-6.0.3.2/lib/rails/templates/rails/welcome/index.html.erb (Duration: 10.9ms | Allocations: 219)
Completed 200 OK in 41ms (Views: 20.1ms | ActiveRecord: 0.0ms | Allocations: 12223)


  Rendering static_pages/contact.html.erb within layouts/application
Completed 200 OK in 43ms (Views: 20.5ms | ActiveRecord: 0.0ms | Allocations: 12530)


  Rendered static_pages/contact.html.erb within layouts/application (Duration: 1.7ms | Allocations: 227)
  Rendered static_pages/contact.html.erb within layouts/application (Duration: 0.2ms | Allocations: 29)
[Webpacker] Everything's up-to-date. Nothing to do
Completed 200 OK in 79ms (Views: 74.2ms | ActiveRecord: 0.0ms | Allocations: 19250)


[Webpacker] Everything's up-to-date. Nothing to do
Completed 200 OK in 86ms (Views: 82.8ms | ActiveRecord: 0.0ms | Allocations: 21045)


Started GET "/static_pages/contact" for ::1 at 2020-08-28 17:24:07 +0700
Processing by StaticPagesController#contact as HTML
  Rendering static_pages/contact.html.erb within layouts/application
  Rendered static_pages/contact.html.erb within layouts/application (Duration: 0.1ms | Allocations: 29)
[Webpacker] Everything's up-to-date. Nothing to do
Completed 200 OK in 15ms (Views: 13.9ms | ActiveRecord: 0.0ms | Allocations: 7787)


Started GET "/static_pages/contact" for ::1 at 2020-08-28 17:27:10 +0700
Started GET "/" for ::1 at 2020-08-28 17:27:29 +0700
Started GET "/" for ::1 at 2020-08-28 17:30:40 +0700
  [1m[35m (0.1ms)[0m  [1m[34mSELECT sqlite_version(*)[0m
Processing by Rails::WelcomeController#index as HTML
  [1m[35m (0.1ms)[0m  [1m[34mSELECT sqlite_version(*)[0m
  [1m[35m (0.1ms)[0m  [1m[34mSELECT sqlite_version(*)[0m
  [1m[35m (0.1ms)[0m  [1m[34mSELECT sqlite_version(*)[0m
Processing by Rails::WelcomeController#index as HTML
Processing by StaticPagesController#contact as HTML
Started GET "/static_pages/contact" for ::1 at 2020-08-28 17:30:40 +0700
Processing by StaticPagesController#contact as HTML
  Rendering /home/kendall/.rvm/gems/ruby-2.7.0/gems/railties-6.0.3.2/lib/rails/templates/rails/welcome/index.html.erb
  Rendering /home/kendall/.rvm/gems/ruby-2.7.0/gems/railties-6.0.3.2/lib/rails/templates/rails/welcome/index.html.erb
  Rendering static_pages/contact.html.erb within layouts/application
  Rendered /home/kendall/.rvm/gems/ruby-2.7.0/gems/railties-6.0.3.2/lib/rails/templates/rails/welcome/index.html.erb (Duration: 9.7ms | Allocations: 523)
  Rendered /home/kendall/.rvm/gems/ruby-2.7.0/gems/railties-6.0.3.2/lib/rails/templates/rails/welcome/index.html.erb (Duration: 10.2ms | Allocations: 346)
Completed 200 OK in 43ms (Views: 16.4ms | ActiveRecord: 0.0ms | Allocations: 15074)


Completed 200 OK in 30ms (Views: 15.2ms | ActiveRecord: 0.0ms | Allocations: 10784)


  Rendered static_pages/contact.html.erb within layouts/application (Duration: 8.8ms | Allocations: 578)
  Rendering static_pages/contact.html.erb within layouts/application
  Rendered static_pages/contact.html.erb within layouts/application (Duration: 0.2ms | Allocations: 30)
[Webpacker] Everything's up-to-date. Nothing to do
Completed 200 OK in 61ms (Views: 59.8ms | ActiveRecord: 0.0ms | Allocations: 16200)


[Webpacker] Everything's up-to-date. Nothing to do
Completed 200 OK in 70ms (Views: 67.8ms | ActiveRecord: 0.0ms | Allocations: 20093)


Started GET "/static_pages/contact" for ::1 at 2020-08-28 17:30:48 +0700
Processing by StaticPagesController#contact as HTML
  Rendering static_pages/contact.html.erb within layouts/application
  Rendered static_pages/contact.html.erb within layouts/application (Duration: 0.1ms | Allocations: 29)
[Webpacker] Everything's up-to-date. Nothing to do
Completed 200 OK in 16ms (Views: 14.4ms | ActiveRecord: 0.0ms | Allocations: 7721)


Started GET "/" for ::1 at 2020-08-28 17:35:05 +0700
Processing by Rails::WelcomeController#index as HTML
  Rendering /home/kendall/.rvm/gems/ruby-2.7.0/gems/railties-6.0.3.2/lib/rails/templates/rails/welcome/index.html.erb
  Rendered /home/kendall/.rvm/gems/ruby-2.7.0/gems/railties-6.0.3.2/lib/rails/templates/rails/welcome/index.html.erb (Duration: 7.9ms | Allocations: 178)
Completed 200 OK in 16ms (Views: 14.6ms | ActiveRecord: 0.0ms | Allocations: 1669)


Started GET "/static_pages/contact" for ::1 at 2020-08-28 17:35:11 +0700
Processing by StaticPagesController#contact as HTML
  Rendering static_pages/contact.html.erb within layouts/application
  Rendered static_pages/contact.html.erb within layouts/application (Duration: 1.1ms | Allocations: 200)
[Webpacker] Everything's up-to-date. Nothing to do
Completed 200 OK in 23ms (Views: 21.5ms | ActiveRecord: 0.0ms | Allocations: 8886)


Started GET "/static_pages/contact" for ::1 at 2020-08-28 17:36:27 +0700
Processing by StaticPagesController#contact as HTML
  Rendering static_pages/contact.html.erb within layouts/application
  Rendered static_pages/contact.html.erb within layouts/application (Duration: 0.6ms | Allocations: 155)
[Webpacker] Everything's up-to-date. Nothing to do
Completed 200 OK in 18ms (Views: 15.8ms | ActiveRecord: 0.0ms | Allocations: 8815)


Started GET "/static_pages/contact" for ::1 at 2020-08-31 09:16:26 +0700
  [1m[35m (14.4ms)[0m  [1m[34mSELECT sqlite_version(*)[0m
  
SyntaxError (/home/kendall/Desktop/sample_app/app/controllers/static_pages_controller.rb:2: syntax error, unexpected ..., expecting ';' or '\n'
  def contact ...
              ^~~
):
  
app/controllers/static_pages_controller.rb:2: syntax error, unexpected ..., expecting ';' or '\n'
app/controllers/static_pages_controller.rb:2: syntax error, unexpected ..., expecting ';' or '\n'
app/controllers/static_pages_controller.rb:2: syntax error, unexpected ..., expecting ';' or '\n'
Started GET "/static_pages/contact" for ::1 at 2020-08-31 09:17:16 +0700
  [1m[35m (0.1ms)[0m  [1m[34mSELECT sqlite_version(*)[0m
Processing by StaticPagesController#contact as HTML
  Rendering static_pages/contact.html.erb within layouts/application
  Rendered static_pages/contact.html.erb within layouts/application (Duration: 0.8ms | Allocations: 172)
[Webpacker] Everything's up-to-date. Nothing to do
Completed 200 OK in 714ms (Views: 713.2ms | ActiveRecord: 0.0ms | Allocations: 30265)


Started GET "/static_pages/contact" for ::1 at 2020-08-31 09:18:32 +0700
Processing by StaticPagesController#contact as HTML
  Rendering static_pages/contact.html.erb within layouts/application
  Rendered static_pages/contact.html.erb within layouts/application (Duration: 0.9ms | Allocations: 234)
[Webpacker] Everything's up-to-date. Nothing to do
Completed 200 OK in 19ms (Views: 16.8ms | ActiveRecord: 0.0ms | Allocations: 8921)


Started GET "/static_pages/contact" for ::1 at 2020-08-31 09:23:05 +0700
Processing by StaticPagesController#contact as HTML
  Rendering static_pages/contact.html.erb within layouts/application
  Rendered static_pages/contact.html.erb within layouts/application (Duration: 0.7ms | Allocations: 218)
[Webpacker] Everything's up-to-date. Nothing to do
Completed 200 OK in 16ms (Views: 13.6ms | ActiveRecord: 0.0ms | Allocations: 8889)


Started GET "/static_pages/contact" for ::1 at 2020-08-31 09:26:46 +0700
  [1m[35m (0.1ms)[0m  [1m[34mSELECT sqlite_version(*)[0m
Processing by StaticPagesController#contact as HTML
  Rendering static_pages/contact.html.erb within layouts/application
  Rendered static_pages/contact.html.erb within layouts/application (Duration: 4.1ms | Allocations: 1920)
[Webpacker] Everything's up-to-date. Nothing to do
Completed 200 OK in 21ms (Views: 19.3ms | ActiveRecord: 0.0ms | Allocations: 10589)


Started GET "/static_pages/contact" for ::1 at 2020-08-31 09:56:05 +0700
  [1m[35m (0.1ms)[0m  [1m[34mSELECT sqlite_version(*)[0m
Processing by StaticPagesController#contact as HTML
  Rendering static_pages/contact.html.erb within layouts/application
  Rendered static_pages/contact.html.erb within layouts/application (Duration: 0.7ms | Allocations: 220)
[Webpacker] Everything's up-to-date. Nothing to do
Completed 500 Internal Server Error in 17ms (ActiveRecord: 0.0ms | Allocations: 9672)


  
ActionView::Template::Error (wrong number of arguments (given 0, expected 1)):
    15:         <%= link_to I18n.t("page.name_page"), "#", id: "logo" %>
    16:         <nav>
    17:           <ul class="nav navbar-nav navbar-right">
    18:             <li><%= link_to t.("action.login"), "#" %></li>
    19:           </ul>
    20:         </nav>
    21:       </div>
  
app/views/layouts/application.html.erb:18
Started GET "/static_pages/contact" for ::1 at 2020-08-31 09:56:16 +0700
Processing by StaticPagesController#contact as HTML
  Rendering static_pages/contact.html.erb within layouts/application
  Rendered static_pages/contact.html.erb within layouts/application (Duration: 0.8ms | Allocations: 216)
[Webpacker] Everything's up-to-date. Nothing to do
Completed 200 OK in 22ms (Views: 20.4ms | ActiveRecord: 0.0ms | Allocations: 9400)


Started GET "/static_pages/contact" for ::1 at 2020-08-31 09:56:56 +0700
Processing by StaticPagesController#contact as HTML
  Rendering static_pages/contact.html.erb within layouts/application
  Rendered static_pages/contact.html.erb within layouts/application (Duration: 1.1ms | Allocations: 1089)
[Webpacker] Everything's up-to-date. Nothing to do
Completed 200 OK in 20ms (Views: 17.7ms | ActiveRecord: 0.0ms | Allocations: 10491)


Started GET "/static_pages/contact" for ::1 at 2020-08-31 09:59:01 +0700
Processing by StaticPagesController#contact as HTML
  Rendering static_pages/contact.html.erb within layouts/application
  Rendered static_pages/contact.html.erb within layouts/application (Duration: 0.7ms | Allocations: 210)
[Webpacker] Everything's up-to-date. Nothing to do
Completed 200 OK in 21ms (Views: 18.9ms | ActiveRecord: 0.0ms | Allocations: 9755)


Started GET "/static_pages/contact" for ::1 at 2020-08-31 09:59:14 +0700
Processing by StaticPagesController#contact as HTML
  Rendering static_pages/contact.html.erb within layouts/application
  Rendered static_pages/contact.html.erb within layouts/application (Duration: 0.7ms | Allocations: 207)
[Webpacker] Everything's up-to-date. Nothing to do
Completed 200 OK in 16ms (Views: 14.0ms | ActiveRecord: 0.0ms | Allocations: 9255)


Started GET "/static_pages/contact" for ::1 at 2020-08-31 09:59:32 +0700
Processing by StaticPagesController#contact as HTML
  Rendering static_pages/contact.html.erb within layouts/application
  Rendered static_pages/contact.html.erb within layouts/application (Duration: 1.0ms | Allocations: 219)
[Webpacker] Everything's up-to-date. Nothing to do
Completed 200 OK in 21ms (Views: 19.5ms | ActiveRecord: 0.0ms | Allocations: 9267)


Started GET "/static_pages/contact" for ::1 at 2020-08-31 09:59:33 +0700
Processing by StaticPagesController#contact as HTML
  Rendering static_pages/contact.html.erb within layouts/application
  Rendered static_pages/contact.html.erb within layouts/application (Duration: 0.3ms | Allocations: 63)
[Webpacker] Everything's up-to-date. Nothing to do
Completed 200 OK in 17ms (Views: 14.9ms | ActiveRecord: 0.0ms | Allocations: 8148)


Started GET "/static_pages/contact" for ::1 at 2020-08-31 09:59:34 +0700
Processing by StaticPagesController#contact as HTML
  Rendering static_pages/contact.html.erb within layouts/application
  Rendered static_pages/contact.html.erb within layouts/application (Duration: 0.3ms | Allocations: 63)
[Webpacker] Everything's up-to-date. Nothing to do
Completed 200 OK in 15ms (Views: 13.1ms | ActiveRecord: 0.0ms | Allocations: 8147)


Started GET "/static_pages/contact" for ::1 at 2020-08-31 09:59:34 +0700
Processing by StaticPagesController#contact as HTML
  Rendering static_pages/contact.html.erb within layouts/application
  Rendered static_pages/contact.html.erb within layouts/application (Duration: 0.2ms | Allocations: 63)
[Webpacker] Everything's up-to-date. Nothing to do
Completed 200 OK in 14ms (Views: 12.6ms | ActiveRecord: 0.0ms | Allocations: 8145)


Started GET "/static_pages/contact" for ::1 at 2020-08-31 09:59:34 +0700
Processing by StaticPagesController#contact as HTML
  Rendering static_pages/contact.html.erb within layouts/application
  Rendered static_pages/contact.html.erb within layouts/application (Duration: 0.2ms | Allocations: 63)
[Webpacker] Everything's up-to-date. Nothing to do
Completed 200 OK in 16ms (Views: 15.0ms | ActiveRecord: 0.0ms | Allocations: 8145)


Started GET "/static_pages/contact" for ::1 at 2020-08-31 09:59:34 +0700
Processing by StaticPagesController#contact as HTML
  Rendering static_pages/contact.html.erb within layouts/application
  Rendered static_pages/contact.html.erb within layouts/application (Duration: 0.3ms | Allocations: 63)
[Webpacker] Everything's up-to-date. Nothing to do
Completed 200 OK in 17ms (Views: 14.9ms | ActiveRecord: 0.0ms | Allocations: 8146)


Started GET "/static_pages/contact" for ::1 at 2020-08-31 09:59:56 +0700
Processing by StaticPagesController#contact as HTML
  Rendering static_pages/contact.html.erb within layouts/application
  Rendered static_pages/contact.html.erb within layouts/application (Duration: 1.0ms | Allocations: 220)
[Webpacker] Everything's up-to-date. Nothing to do
Completed 200 OK in 20ms (Views: 17.4ms | ActiveRecord: 0.0ms | Allocations: 8903)


